================================================================
== Design Size Report
================================================================

* Total Instructions per Compilation Phase
+---------------+-----------------------------+--------------+----------------------------------------------------------------------------------------+
| Phase         | Step                        | Instructions | Description                                                                            |
+---------------+-----------------------------+--------------+----------------------------------------------------------------------------------------+
| Compile/Link  |                             | 603          | After all functions are compiled and linked into a single design                       |
|               |                             |              |                                                                                        |
| Unroll/Inline |                             |              | After user unroll and inline pragmas are applied                                       |
|               | (1) unroll                  |  82          | user unroll pragmas are applied                                                        |
|               | (2) simplification          |  74          | simplification of applied user unroll pragmas                                          |
|               | (3) inline                  |  77          | user inline pragmas are applied                                                        |
|               | (4) simplification          |  77          | simplification of applied user inline pragmas                                          |
|               |                             |              |                                                                                        |
| Array/Struct  |                             |              | After user array partition and struct aggregate/disaggregate pragmas are applied       |
|               | (1) array partition         |  75          | user array partition pragmas are applied                                               |
|               | (2) simplification          |  75          | simplification of applied user array partition & struct aggregate/disaggregate pragmas |
|               | (3) aggregate/disaggregate  |  75          | user struct aggregate/disaggregate pragmas are applied                                 |
|               | (4) array reshape           |  75          | apply array reshape pragmas                                                            |
|               | (5) access patterns         | 117          | array access pattern optmizations                                                      |
|               |                             |              |                                                                                        |
| Performance   |                             |              | After transformations are applied to meet performance pragma targets                   |
|               | (1) loop simplification     | 119          | loop and instruction simplification                                                    |
|               | (2) parallelization         | 115          | loops are unrolled or pipelined to meet performance targets                            |
|               | (3) array partition         |  94          | arrays are partitioned to meet performance targets                                     |
|               | (4) simplification          |  94          | simplification of design after performance transformations                             |
|               |                             |              |                                                                                        |
| HW Transforms |                             |              | After hardware transfomations                                                          |
|               | (1) lowering                |  91          | initial conversion to HW specific instructions                                         |
|               | (2) optimizations           |  85          | high level synthesis optimizations                                                     |
+---------------+-----------------------------+--------------+----------------------------------------------------------------------------------------+

* Instructions per Function for each Compilation Phase
+-----------------------+---------------------------+--------------+---------------+--------------+-------------+---------------+
| Function              | Location                  | Compile/Link | Unroll/Inline | Array/Struct | Performance | HW Transforms |
+-----------------------+---------------------------+--------------+---------------+--------------+-------------+---------------+
|   finn_feeder_chiplet | finn_feeder_chiplet.cpp:3 | 603          | 77            | 117          | 94          | 85            |
+-----------------------+---------------------------+--------------+---------------+--------------+-------------+---------------+

* Design Size Message Settings
+---------------------------------------------+--------+------------------------------------------------------------------+
| Message Setting                             | Value  | Description                                                      |
+---------------------------------------------+--------+------------------------------------------------------------------+
| config_compile -design_size_maximum_warning | 100000 | Show a warning when total design instructions exceeds this value |
+---------------------------------------------+--------+------------------------------------------------------------------+


