/home/artti/Desktop/finn_fpga/finn_chiplet_projects/finn_chiplet_v2.1b/feeder/finn_feeder_chiplet/finn_feeder_chiplet/solution1/csynth.tcl:19:9: warning: HLS pragma dump _XLX_SEP_ PragmaIsValid=1_XLX_SEP_ PragmaType=top_XLX_SEP_ PragmaContext=directive_XLX_SEP_ PragmaFunction=finn_feeder_chiplet_XLX_SEP_ PragmaOptions=name=finn_feeder_chiplet_XLX_SEP_ [-Wdump-hls-pragmas]
#pragma HLSDIRECTIVE TOP name=finn_feeder_chiplet
        ^
/home/artti/Desktop/finn_fpga/finn_chiplet_projects/finn_chiplet_v2.1b/feeder/finn_feeder_chiplet/finn_feeder_chiplet/solution1/directives.tcl:7:9: warning: HLS pragma dump _XLX_SEP_ PragmaIsValid=1_XLX_SEP_ PragmaType=top_XLX_SEP_ PragmaContext=directive_XLX_SEP_ PragmaFunction=finn_feeder_chiplet_XLX_SEP_ PragmaOptions=name=finn_feeder_chiplet_XLX_SEP_ [-Wdump-hls-pragmas]
#pragma HLSDIRECTIVE TOP name=finn_feeder_chiplet
        ^
finn_feeder_chiplet.cpp:14:9: warning: HLS pragma dump _XLX_SEP_ PragmaIsValid=1_XLX_SEP_ PragmaType=interface_XLX_SEP_ PragmaContext=_XLX_SEP_ PragmaFunction=finn_feeder_chiplet_XLX_SEP_ PragmaOptions=axis port=out_stream_XLX_SEP_ [-Wdump-hls-pragmas]
#pragma HLS INTERFACE axis port=out_stream
        ^
finn_feeder_chiplet.cpp:15:9: warning: HLS pragma dump _XLX_SEP_ PragmaIsValid=1_XLX_SEP_ PragmaType=interface_XLX_SEP_ PragmaContext=_XLX_SEP_ PragmaFunction=finn_feeder_chiplet_XLX_SEP_ PragmaOptions=axis port=in_stream_XLX_SEP_ [-Wdump-hls-pragmas]
#pragma HLS INTERFACE axis port=in_stream
        ^
finn_feeder_chiplet.cpp:16:9: warning: HLS pragma dump _XLX_SEP_ PragmaIsValid=1_XLX_SEP_ PragmaType=interface_XLX_SEP_ PragmaContext=_XLX_SEP_ PragmaFunction=finn_feeder_chiplet_XLX_SEP_ PragmaOptions=s_axilite port=predicted_index_XLX_SEP_ [-Wdump-hls-pragmas]
#pragma HLS INTERFACE s_axilite port=predicted_index
        ^
finn_feeder_chiplet.cpp:17:9: warning: HLS pragma dump _XLX_SEP_ PragmaIsValid=1_XLX_SEP_ PragmaType=interface_XLX_SEP_ PragmaContext=_XLX_SEP_ PragmaFunction=finn_feeder_chiplet_XLX_SEP_ PragmaOptions=s_axilite port=initial_address_XLX_SEP_ [-Wdump-hls-pragmas]
#pragma HLS INTERFACE s_axilite port=initial_address
        ^
finn_feeder_chiplet.cpp:18:9: warning: HLS pragma dump _XLX_SEP_ PragmaIsValid=1_XLX_SEP_ PragmaType=interface_XLX_SEP_ PragmaContext=_XLX_SEP_ PragmaFunction=finn_feeder_chiplet_XLX_SEP_ PragmaOptions=s_axilite port=image_size_XLX_SEP_ [-Wdump-hls-pragmas]
#pragma HLS INTERFACE s_axilite port=image_size
        ^
finn_feeder_chiplet.cpp:19:9: warning: HLS pragma dump _XLX_SEP_ PragmaIsValid=1_XLX_SEP_ PragmaType=interface_XLX_SEP_ PragmaContext=_XLX_SEP_ PragmaFunction=finn_feeder_chiplet_XLX_SEP_ PragmaOptions=s_axilite port=num_images_XLX_SEP_ [-Wdump-hls-pragmas]
#pragma HLS INTERFACE s_axilite port=num_images
        ^
finn_feeder_chiplet.cpp:20:9: warning: HLS pragma dump _XLX_SEP_ PragmaIsValid=1_XLX_SEP_ PragmaType=interface_XLX_SEP_ PragmaContext=_XLX_SEP_ PragmaFunction=finn_feeder_chiplet_XLX_SEP_ PragmaOptions=s_axilite port=return_XLX_SEP_ [-Wdump-hls-pragmas]
#pragma HLS INTERFACE s_axilite port=return
        ^
finn_feeder_chiplet.cpp:21:9: warning: HLS pragma dump _XLX_SEP_ PragmaIsValid=1_XLX_SEP_ PragmaType=interface_XLX_SEP_ PragmaContext=_XLX_SEP_ PragmaFunction=finn_feeder_chiplet_XLX_SEP_ PragmaOptions=mode=m_axi port=ext_mem_XLX_SEP_ [-Wdump-hls-pragmas]
#pragma HLS INTERFACE mode=m_axi port=ext_mem
        ^
finn_feeder_chiplet.cpp:34:9: warning: HLS pragma dump _XLX_SEP_ PragmaIsValid=1_XLX_SEP_ PragmaType=pipeline_XLX_SEP_ PragmaContext=_XLX_SEP_ PragmaFunction=finn_feeder_chiplet_XLX_SEP_ PragmaOptions=II=4_XLX_SEP_ [-Wdump-hls-pragmas]
#pragma HLS PIPELINE II=4
        ^
11 warnings generated.
