/home/artti/Desktop/finn_fpga/finn_chiplet_projects/finn_chiplet_v2.1b/feeder/finn_feeder_chiplet/finn_feeder_chiplet/solution1/.autopilot/db/finn_feeder_chiplet.pp.0.cpp:7819:7: warning: Added loop label VITIS_LOOP_1207_1:   [xilinx-label-all-loops]
      for (i = 0; i < __N - 1; ++i) {
      ^~~
      VITIS_LOOP_1207_1: 
/home/artti/Desktop/finn_fpga/finn_chiplet_projects/finn_chiplet_v2.1b/feeder/finn_feeder_chiplet/finn_feeder_chiplet/solution1/.autopilot/db/finn_feeder_chiplet.pp.0.cpp:7819:7: note: FIX-IT applied suggested code changes
/home/artti/Desktop/finn_fpga/finn_chiplet_projects/finn_chiplet_v2.1b/feeder/finn_feeder_chiplet/finn_feeder_chiplet/solution1/.autopilot/db/finn_feeder_chiplet.pp.0.cpp:8793:5: warning: Added loop label VITIS_LOOP_676_1:   [xilinx-label-all-loops]
    for (unsigned i = low; i != high; ++i) {
    ^~~
    VITIS_LOOP_676_1: 
/home/artti/Desktop/finn_fpga/finn_chiplet_projects/finn_chiplet_v2.1b/feeder/finn_feeder_chiplet/finn_feeder_chiplet/solution1/.autopilot/db/finn_feeder_chiplet.pp.0.cpp:8793:5: note: FIX-IT applied suggested code changes
/home/artti/Desktop/finn_fpga/finn_chiplet_projects/finn_chiplet_v2.1b/feeder/finn_feeder_chiplet/finn_feeder_chiplet/solution1/.autopilot/db/finn_feeder_chiplet.pp.0.cpp:8807:5: warning: Added loop label VITIS_LOOP_690_1:   [xilinx-label-all-loops]
    for (unsigned i = low; i != high; ++i) {
    ^~~
    VITIS_LOOP_690_1: 
/home/artti/Desktop/finn_fpga/finn_chiplet_projects/finn_chiplet_v2.1b/feeder/finn_feeder_chiplet/finn_feeder_chiplet/solution1/.autopilot/db/finn_feeder_chiplet.pp.0.cpp:8807:5: note: FIX-IT applied suggested code changes
/home/artti/Desktop/finn_fpga/finn_chiplet_projects/finn_chiplet_v2.1b/feeder/finn_feeder_chiplet/finn_feeder_chiplet/solution1/.autopilot/db/finn_feeder_chiplet.pp.0.cpp:8821:5: warning: Added loop label VITIS_LOOP_704_1:   [xilinx-label-all-loops]
    for (unsigned i = low; i != high; ++i) {
    ^~~
    VITIS_LOOP_704_1: 
/home/artti/Desktop/finn_fpga/finn_chiplet_projects/finn_chiplet_v2.1b/feeder/finn_feeder_chiplet/finn_feeder_chiplet/solution1/.autopilot/db/finn_feeder_chiplet.pp.0.cpp:8821:5: note: FIX-IT applied suggested code changes
/home/artti/Desktop/finn_fpga/finn_chiplet_projects/finn_chiplet_v2.1b/feeder/finn_feeder_chiplet/finn_feeder_chiplet/solution1/.autopilot/db/finn_feeder_chiplet.pp.0.cpp:10450:7: warning: Added loop label VITIS_LOOP_1247_1:   [xilinx-label-all-loops]
      for (i = 0; i < __N - 1; ++i) {
      ^~~
      VITIS_LOOP_1247_1: 
/home/artti/Desktop/finn_fpga/finn_chiplet_projects/finn_chiplet_v2.1b/feeder/finn_feeder_chiplet/finn_feeder_chiplet/solution1/.autopilot/db/finn_feeder_chiplet.pp.0.cpp:10450:7: note: FIX-IT applied suggested code changes
/home/artti/Desktop/finn_fpga/finn_chiplet_projects/finn_chiplet_v2.1b/feeder/finn_feeder_chiplet/finn_feeder_chiplet/solution1/.autopilot/db/finn_feeder_chiplet.pp.0.cpp:15360:5: warning: Added loop label VITIS_LOOP_25_1:   [xilinx-label-all-loops]
    for (img_idx = 0; img_idx < num_images; img_idx++) {
    ^~~
    VITIS_LOOP_25_1: 
/home/artti/Desktop/finn_fpga/finn_chiplet_projects/finn_chiplet_v2.1b/feeder/finn_feeder_chiplet/finn_feeder_chiplet/solution1/.autopilot/db/finn_feeder_chiplet.pp.0.cpp:15360:5: note: FIX-IT applied suggested code changes
/home/artti/Desktop/finn_fpga/finn_chiplet_projects/finn_chiplet_v2.1b/feeder/finn_feeder_chiplet/finn_feeder_chiplet/solution1/.autopilot/db/finn_feeder_chiplet.pp.0.cpp:15368:9: warning: Added loop label VITIS_LOOP_33_2:   [xilinx-label-all-loops]
        for(p = 0; p < image_size / 4; p++) {
        ^~~
        VITIS_LOOP_33_2: 
/home/artti/Desktop/finn_fpga/finn_chiplet_projects/finn_chiplet_v2.1b/feeder/finn_feeder_chiplet/finn_feeder_chiplet/solution1/.autopilot/db/finn_feeder_chiplet.pp.0.cpp:15368:9: note: FIX-IT applied suggested code changes
/home/artti/Desktop/finn_fpga/finn_chiplet_projects/finn_chiplet_v2.1b/feeder/finn_feeder_chiplet/finn_feeder_chiplet/solution1/.autopilot/db/finn_feeder_chiplet.pp.0.cpp:15373:13: warning: Added loop label VITIS_LOOP_38_3:   [xilinx-label-all-loops]
            for (ap_int<4> i = 0; i < 4; i++) {
            ^~~
            VITIS_LOOP_38_3: 
/home/artti/Desktop/finn_fpga/finn_chiplet_projects/finn_chiplet_v2.1b/feeder/finn_feeder_chiplet/finn_feeder_chiplet/solution1/.autopilot/db/finn_feeder_chiplet.pp.0.cpp:15373:13: note: FIX-IT applied suggested code changes
